#
# A fatal error has been detected by the Java Runtime Environment:
#
#  EXCEPTION_ACCESS_VIOLATION (0xc0000005) at pc=0x0000000003a41f1e, pid=16576, tid=0x0000000000004264
#
# JRE version: Java(TM) SE Runtime Environment (8.0_211-b12) (build 1.8.0_211-b12)
# Java VM: Java HotSpot(TM) 64-Bit Server VM (25.211-b12 mixed mode windows-amd64 compressed oops)
# Problematic frame:
# J 4331 C1 org.apache.poi.hwpf.model.ListTables.getLfo(I)Lorg/apache/poi/hwpf/model/LFO; (9 bytes) @ 0x0000000003a41f1e [0x0000000003a41ec0+0x5e]
#
# Failed to write core dump. Minidumps are not enabled by default on client versions of Windows
#
# If you would like to submit a bug report, please visit:
#   http://bugreport.java.com/bugreport/crash.jsp
#

---------------  T H R E A D  ---------------

Current thread (0x0000000029f53000):  JavaThread "pool-2-thread-14" [_thread_in_Java, id=16996, stack(0x000000002c6e0000,0x000000002c7e0000)]

siginfo: ExceptionCode=0xc0000005, reading address 0x0000000000000010

Registers:
RAX=0x000000071dcd7920, RBX=0x000000000f353000, RCX=0x0000000000000000, RDX=0x0000000000000000
RSP=0x000000002c7de940, RBP=0x000000002c7dec28, RSI=0x000000002ccb6948, RDI=0x0000000000000810
R8 =0x0000000000000001, R9 =0x0000000000000000, R10=0x00000000e3b742de, R11=0x00000000f80002da
R12=0x0000000000000000, R13=0x000000071dcd7910, R14=0x00000000e61be09b, R15=0x0000000029f53000
RIP=0x0000000003a41f1e, EFLAGS=0x0000000000010202

Top of Stack: (sp=0x000000002c7de940)
0x000000002c7de940:   000000071dbc1598 00000046ffffffff
0x000000002c7de950:   00000007c02f5468 0000000003470f8c
0x000000002c7de960:   e3b74b09e3b9a8e6 000000071daeb808
0x000000002c7de970:   000000002c7dec28 0000000002ff3794
0x000000002c7de980:   0000003400000035 000000071db5acc0
0x000000002c7de990:   00000035e3b6b598 00000007c02f5468
0x000000002c7de9a0:   000000071dcd7720 000000071dcd7050
0x000000002c7de9b0:   00000007c00443c8 00000007c0080d20
0x000000002c7de9c0:   00000b9200000001 00000007c000dc88
0x000000002c7de9d0:   000000071dcd7870 000000000343314c
0x000000002c7de9e0:   000000071dcd7920 000000011dbc1278
0x000000002c7de9f0:   0000000000000000 000000071dcd7870
0x000000002c7dea00:   00000b9300000b9b 0000000730ceeac0
0x000000002c7dea10:   00000000e619dd58 0000000000000000
0x000000002c7dea20:   0000000000000000 0000000002da835d
0x000000002c7dea30:   000000002c7dec28 0000000003059cd4 

Instructions: (pc=0x0000000003a41f1e)
0x0000000003a41efe:   08 89 be dc 00 00 00 48 be 48 69 cb 2c 00 00 00
0x0000000003a41f0e:   00 81 e7 f8 1f 00 00 83 ff 00 0f 84 32 00 00 00
0x0000000003a41f1e:   8b 52 10 48 c1 e2 03 48 3b 02 48 8b f2 48 bf 80
0x0000000003a41f2e:   5c db 2c 00 00 00 00 48 83 87 18 01 00 00 01 90 


Register to memory mapping:

RAX=0x000000071dcd7920 is an oop
org.apache.poi.hwpf.usermodel.HWPFList 
 - klass: 'org/apache/poi/hwpf/usermodel/HWPFList'
RBX=0x000000000f353000 is an unknown value
RCX=0x0000000000000000 is an unknown value
RDX=0x0000000000000000 is an unknown value
RSP=0x000000002c7de940 is pointing into the stack for thread: 0x0000000029f53000
RBP=0x000000002c7dec28 is pointing into the stack for thread: 0x0000000029f53000
RSI={method} {0x000000002ccb6950} 'getLfo' '(I)Lorg/apache/poi/hwpf/model/LFO;' in 'org/apache/poi/hwpf/model/ListTables'
RDI=0x0000000000000810 is an unknown value
R8 =0x0000000000000001 is an unknown value
R9 =0x0000000000000000 is an unknown value
R10=0x00000000e3b742de is an unknown value
R11=0x00000000f80002da is an unknown value
R12=0x0000000000000000 is an unknown value
R13=0x000000071dcd7910 is an oop

[error occurred during error reporting (printing register info), id 0xc0000005]

Stack: [0x000000002c6e0000,0x000000002c7e0000],  sp=0x000000002c7de940,  free space=1018k
Native frames: (J=compiled Java code, j=interpreted, Vv=VM code, C=native code)
C  0x0000000003a41f1e


---------------  P R O C E S S  ---------------

Java Threads: ( => current thread )
  0x0000000029f58000 JavaThread "pool-2-thread-16" [_thread_blocked, id=16420, stack(0x000000002c8e0000,0x000000002c9e0000)]
  0x0000000029f56800 JavaThread "pool-2-thread-15" [_thread_blocked, id=28708, stack(0x000000002c7e0000,0x000000002c8e0000)]
=>0x0000000029f53000 JavaThread "pool-2-thread-14" [_thread_in_Java, id=16996, stack(0x000000002c6e0000,0x000000002c7e0000)]
  0x0000000029f52000 JavaThread "pool-2-thread-13" [_thread_blocked, id=13372, stack(0x000000002c5e0000,0x000000002c6e0000)]
  0x0000000029f55000 JavaThread "pool-2-thread-12" [_thread_blocked, id=15880, stack(0x000000002c4e0000,0x000000002c5e0000)]
  0x0000000029f54800 JavaThread "pool-2-thread-11" [_thread_blocked, id=30564, stack(0x000000002c3e0000,0x000000002c4e0000)]
  0x0000000029f56000 JavaThread "pool-2-thread-10" [_thread_blocked, id=11960, stack(0x000000002c2e0000,0x000000002c3e0000)]
  0x00000000294f4000 JavaThread "pool-2-thread-9" [_thread_blocked, id=12808, stack(0x000000002c1e0000,0x000000002c2e0000)]
  0x00000000294f3800 JavaThread "pool-2-thread-8" [_thread_blocked, id=29136, stack(0x000000002c0e0000,0x000000002c1e0000)]
  0x00000000294f2800 JavaThread "pool-2-thread-7" [_thread_blocked, id=10068, stack(0x000000002bfe0000,0x000000002c0e0000)]
  0x00000000294ef800 JavaThread "pool-2-thread-6" [_thread_blocked, id=25508, stack(0x000000002bee0000,0x000000002bfe0000)]
  0x00000000294f0800 JavaThread "pool-2-thread-5" [_thread_blocked, id=25740, stack(0x000000002bde0000,0x000000002bee0000)]
  0x00000000294ef000 JavaThread "pool-2-thread-4" [_thread_blocked, id=1976, stack(0x000000002bce0000,0x000000002bde0000)]
  0x00000000294ee000 JavaThread "pool-2-thread-3" [_thread_blocked, id=30492, stack(0x000000002bbe0000,0x000000002bce0000)]
  0x00000000294ed800 JavaThread "pool-2-thread-2" [_thread_blocked, id=21004, stack(0x000000002bae0000,0x000000002bbe0000)]
  0x00000000294f2000 JavaThread "pool-2-thread-1" [_thread_blocked, id=10500, stack(0x000000002b9e0000,0x000000002bae0000)]
  0x00000000294f1000 JavaThread "I/O dispatcher 8" [_thread_in_native, id=24296, stack(0x000000002aee0000,0x000000002afe0000)]
  0x000000002947a800 JavaThread "I/O dispatcher 7" [_thread_in_native, id=19256, stack(0x000000002ade0000,0x000000002aee0000)]
  0x0000000029479800 JavaThread "I/O dispatcher 6" [_thread_in_native, id=27916, stack(0x000000002ace0000,0x000000002ade0000)]
  0x0000000029463800 JavaThread "I/O dispatcher 5" [_thread_in_native, id=28880, stack(0x000000002abe0000,0x000000002ace0000)]
  0x000000002945e800 JavaThread "I/O dispatcher 4" [_thread_in_native, id=30776, stack(0x000000002aae0000,0x000000002abe0000)]
  0x000000002945e000 JavaThread "I/O dispatcher 3" [_thread_in_native, id=1772, stack(0x000000002a9e0000,0x000000002aae0000)]
  0x000000002945d000 JavaThread "I/O dispatcher 2" [_thread_in_native, id=26464, stack(0x000000002a8e0000,0x000000002a9e0000)]
  0x0000000029462800 JavaThread "I/O dispatcher 1" [_thread_in_native, id=21356, stack(0x000000002a7e0000,0x000000002a8e0000)]
  0x000000002943d000 JavaThread "pool-1-thread-1" [_thread_in_native, id=30560, stack(0x000000002a6e0000,0x000000002a7e0000)]
  0x0000000027edc800 JavaThread "Service Thread" daemon [_thread_blocked, id=19760, stack(0x0000000029060000,0x0000000029160000)]
  0x0000000027e9a000 JavaThread "C1 CompilerThread3" daemon [_thread_blocked, id=23436, stack(0x0000000028760000,0x0000000028860000)]
  0x0000000027e8f000 JavaThread "C2 CompilerThread2" daemon [_thread_blocked, id=28020, stack(0x0000000028660000,0x0000000028760000)]
  0x0000000027e8c000 JavaThread "C2 CompilerThread1" daemon [_thread_in_native, id=5452, stack(0x0000000028560000,0x0000000028660000)]
  0x0000000027e89800 JavaThread "C2 CompilerThread0" daemon [_thread_blocked, id=26336, stack(0x0000000028460000,0x0000000028560000)]
  0x0000000027e82800 JavaThread "Monitor Ctrl-Break" daemon [_thread_in_native, id=444, stack(0x0000000028360000,0x0000000028460000)]
  0x0000000027b3e800 JavaThread "Attach Listener" daemon [_thread_blocked, id=31040, stack(0x0000000028260000,0x0000000028360000)]
  0x0000000027b98800 JavaThread "Signal Dispatcher" daemon [_thread_blocked, id=17796, stack(0x0000000028160000,0x0000000028260000)]
  0x0000000025d32800 JavaThread "Finalizer" daemon [_thread_blocked, id=18996, stack(0x0000000028000000,0x0000000028100000)]
  0x0000000002d9e000 JavaThread "Reference Handler" daemon [_thread_blocked, id=5568, stack(0x0000000027f00000,0x0000000028000000)]
  0x0000000002ca4800 JavaThread "main" [_thread_blocked, id=12768, stack(0x0000000002750000,0x0000000002850000)]

Other Threads:
  0x0000000025d29800 VMThread [stack: 0x0000000027a00000,0x0000000027b00000] [id=8764]
  0x00000000288fb000 WatcherThread [stack: 0x0000000029160000,0x0000000029260000] [id=23792]

VM state:not at safepoint (normal execution)

VM Mutex/Monitor currently owned by a thread: None

heap address: 0x00000005c1a00000, size: 8166 MB, Compressed Oops mode: Zero based, Oop shift amount: 3
Narrow klass base: 0x0000000000000000, Narrow klass shift: 3
Compressed class space size: 1073741824 Address: 0x00000007c0000000

Heap:
 PSYoungGen      total 432640K, used 149822K [0x0000000715e00000, 0x0000000733e00000, 0x00000007c0000000)
  eden space 381952K, 34% used [0x0000000715e00000,0x000000071dd3c0d8,0x000000072d300000)
  from space 50688K, 38% used [0x0000000730c80000,0x0000000731f93ab8,0x0000000733e00000)
  to   space 54784K, 0% used [0x000000072d300000,0x000000072d300000,0x0000000730880000)
 ParOldGen       total 212992K, used 68942K [0x00000005c1a00000, 0x00000005cea00000, 0x0000000715e00000)
  object space 212992K, 32% used [0x00000005c1a00000,0x00000005c5d539c8,0x00000005cea00000)
 Metaspace       used 27568K, capacity 28298K, committed 28544K, reserved 1075200K
  class space    used 3112K, capacity 3375K, committed 3456K, reserved 1048576K

Card table byte_map: [0x0000000012160000,0x0000000013160000] byte_map_base: 0x000000000f353000

Marking Bits: (ParMarkBitMap*) 0x0000000054c55ce0
 Begin Bits: [0x0000000014410000, 0x000000001c3a8000)
 End Bits:   [0x000000001c3a8000, 0x0000000024340000)

Polling page: 0x0000000000e20000

CodeCache: size=245760Kb used=12929Kb max_used=12940Kb free=232830Kb
 bounds [0x0000000002da0000, 0x0000000003a60000, 0x0000000011da0000]
 total_blobs=4259 nmethods=3811 adapters=359
 compilation: enabled

Compilation events (10 events):
Event: 8.873 Thread 0x0000000027e9a000 nmethod 4340 0x0000000003a48d10 code [0x0000000003a48e80, 0x0000000003a49108]
Event: 8.886 Thread 0x0000000027e9a000 4341       3       java.util.regex.Matcher::find (35 bytes)
Event: 8.886 Thread 0x0000000027e89800 4342       4       java.util.TimSort::countRunAndMakeAscending (128 bytes)
Event: 8.886 Thread 0x0000000027e9a000 nmethod 4341 0x0000000003a42c90 code [0x0000000003a42e40, 0x0000000003a433d8]
Event: 8.886 Thread 0x0000000027e9a000 4343       3       java.util.TimSort::minRunLength (43 bytes)
Event: 8.887 Thread 0x0000000027e9a000 nmethod 4343 0x0000000003a48910 code [0x0000000003a48a80, 0x0000000003a48c70]
Event: 8.887 Thread 0x0000000027e9a000 4345       3       java.util.TimSort::mergeCollapse (101 bytes)
Event: 8.887 Thread 0x0000000027e9a000 nmethod 4345 0x0000000003a424d0 code [0x0000000003a42660, 0x0000000003a42a98]
Event: 8.887 Thread 0x0000000027e9a000 4344       3       java.util.TimSort::pushRun (31 bytes)
Event: 8.887 Thread 0x0000000027e9a000 nmethod 4344 0x0000000003a47290 code [0x0000000003a47400, 0x0000000003a475b0]

GC Heap History (10 events):
Event: 2.377 GC heap before
{Heap before GC invocations=3 (full 1):
 PSYoungGen      total 153088K, used 21479K [0x0000000715e00000, 0x0000000728900000, 0x00000007c0000000)
  eden space 131584K, 0% used [0x0000000715e00000,0x0000000715e00000,0x000000071de80000)
  from space 21504K, 99% used [0x000000071f380000,0x0000000720879cf0,0x0000000720880000)
  to   space 21504K, 0% used [0x000000071de80000,0x000000071de80000,0x000000071f380000)
 ParOldGen       total 349696K, used 20078K [0x00000005c1a00000, 0x00000005d6f80000, 0x0000000715e00000)
  object space 349696K, 5% used [0x00000005c1a00000,0x00000005c2d9b8c8,0x00000005d6f80000)
 Metaspace       used 20453K, capacity 21076K, committed 21248K, reserved 1067008K
  class space    used 2442K, capacity 2702K, committed 2816K, reserved 1048576K
Event: 2.419 GC heap after
Heap after GC invocations=3 (full 1):
 PSYoungGen      total 153088K, used 0K [0x0000000715e00000, 0x0000000728900000, 0x00000007c0000000)
  eden space 131584K, 0% used [0x0000000715e00000,0x0000000715e00000,0x000000071de80000)
  from space 21504K, 0% used [0x000000071f380000,0x000000071f380000,0x0000000720880000)
  to   space 21504K, 0% used [0x000000071de80000,0x000000071de80000,0x000000071f380000)
 ParOldGen       total 212992K, used 34400K [0x00000005c1a00000, 0x00000005cea00000, 0x0000000715e00000)
  object space 212992K, 16% used [0x00000005c1a00000,0x00000005c3b98380,0x00000005cea00000)
 Metaspace       used 20453K, capacity 21076K, committed 21248K, reserved 1067008K
  class space    used 2442K, capacity 2702K, committed 2816K, reserved 1048576K
}
Event: 2.806 GC heap before
{Heap before GC invocations=4 (full 1):
 PSYoungGen      total 153088K, used 131584K [0x0000000715e00000, 0x0000000728900000, 0x00000007c0000000)
  eden space 131584K, 100% used [0x0000000715e00000,0x000000071de80000,0x000000071de80000)
  from space 21504K, 0% used [0x000000071f380000,0x000000071f380000,0x0000000720880000)
  to   space 21504K, 0% used [0x000000071de80000,0x000000071de80000,0x000000071f380000)
 ParOldGen       total 212992K, used 34400K [0x00000005c1a00000, 0x00000005cea00000, 0x0000000715e00000)
  object space 212992K, 16% used [0x00000005c1a00000,0x00000005c3b98380,0x00000005cea00000)
 Metaspace       used 22966K, capacity 23658K, committed 23808K, reserved 1071104K
  class space    used 2742K, capacity 3023K, committed 3072K, reserved 1048576K
Event: 2.827 GC heap after
Heap after GC invocations=4 (full 1):
 PSYoungGen      total 153088K, used 21480K [0x0000000715e00000, 0x0000000726c80000, 0x00000007c0000000)
  eden space 131584K, 0% used [0x0000000715e00000,0x0000000715e00000,0x000000071de80000)
  from space 21504K, 99% used [0x000000071de80000,0x000000071f37a1c0,0x000000071f380000)
  to   space 21504K, 0% used [0x0000000725780000,0x0000000725780000,0x0000000726c80000)
 ParOldGen       total 212992K, used 62849K [0x00000005c1a00000, 0x00000005cea00000, 0x0000000715e00000)
  object space 212992K, 29% used [0x00000005c1a00000,0x00000005c5760640,0x00000005cea00000)
 Metaspace       used 22966K, capacity 23658K, committed 23808K, reserved 1071104K
  class space    used 2742K, capacity 3023K, committed 3072K, reserved 1048576K
}
Event: 4.589 GC heap before
{Heap before GC invocations=5 (full 1):
 PSYoungGen      total 153088K, used 153064K [0x0000000715e00000, 0x0000000726c80000, 0x00000007c0000000)
  eden space 131584K, 100% used [0x0000000715e00000,0x000000071de80000,0x000000071de80000)
  from space 21504K, 99% used [0x000000071de80000,0x000000071f37a1c0,0x000000071f380000)
  to   space 21504K, 0% used [0x0000000725780000,0x0000000725780000,0x0000000726c80000)
 ParOldGen       total 212992K, used 62849K [0x00000005c1a00000, 0x00000005cea00000, 0x0000000715e00000)
  object space 212992K, 29% used [0x00000005c1a00000,0x00000005c5760640,0x00000005cea00000)
 Metaspace       used 26430K, capacity 27178K, committed 27520K, reserved 1073152K
  class space    used 3094K, capacity 3371K, committed 3456K, reserved 1048576K
Event: 4.603 GC heap after
Heap after GC invocations=5 (full 1):
 PSYoungGen      total 249856K, used 21479K [0x0000000715e00000, 0x0000000726c80000, 0x00000007c0000000)
  eden space 228352K, 0% used [0x0000000715e00000,0x0000000715e00000,0x0000000723d00000)
  from space 21504K, 99% used [0x0000000725780000,0x0000000726c79d40,0x0000000726c80000)
  to   space 21504K, 0% used [0x0000000724280000,0x0000000724280000,0x0000000725780000)
 ParOldGen       total 212992K, used 68926K [0x00000005c1a00000, 0x00000005cea00000, 0x0000000715e00000)
  object space 212992K, 32% used [0x00000005c1a00000,0x00000005c5d4f9c8,0x00000005cea00000)
 Metaspace       used 26430K, capacity 27178K, committed 27520K, reserved 1073152K
  class space    used 3094K, capacity 3371K, committed 3456K, reserved 1048576K
}
Event: 5.694 GC heap before
{Heap before GC invocations=6 (full 1):
 PSYoungGen      total 249856K, used 249831K [0x0000000715e00000, 0x0000000726c80000, 0x00000007c0000000)
  eden space 228352K, 100% used [0x0000000715e00000,0x0000000723d00000,0x0000000723d00000)
  from space 21504K, 99% used [0x0000000725780000,0x0000000726c79d40,0x0000000726c80000)
  to   space 21504K, 0% used [0x0000000724280000,0x0000000724280000,0x0000000725780000)
 ParOldGen       total 212992K, used 68926K [0x00000005c1a00000, 0x00000005cea00000, 0x0000000715e00000)
  object space 212992K, 32% used [0x00000005c1a00000,0x00000005c5d4f9c8,0x00000005cea00000)
 Metaspace       used 26846K, capacity 27580K, committed 27776K, reserved 1073152K
  class space    used 3097K, capacity 3374K, committed 3456K, reserved 1048576K
Event: 5.706 GC heap after
Heap after GC invocations=6 (full 1):
 PSYoungGen      total 255488K, used 19208K [0x0000000715e00000, 0x0000000734280000, 0x00000007c0000000)
  eden space 233984K, 0% used [0x0000000715e00000,0x0000000715e00000,0x0000000724280000)
  from space 21504K, 89% used [0x0000000724280000,0x00000007255421f0,0x0000000725780000)
  to   space 55296K, 0% used [0x0000000730c80000,0x0000000730c80000,0x0000000734280000)
 ParOldGen       total 212992K, used 68934K [0x00000005c1a00000, 0x00000005cea00000, 0x0000000715e00000)
  object space 212992K, 32% used [0x00000005c1a00000,0x00000005c5d519c8,0x00000005cea00000)
 Metaspace       used 26846K, capacity 27580K, committed 27776K, reserved 1073152K
  class space    used 3097K, capacity 3374K, committed 3456K, reserved 1048576K
}
Event: 7.948 GC heap before
{Heap before GC invocations=7 (full 1):
 PSYoungGen      total 255488K, used 253192K [0x0000000715e00000, 0x0000000734280000, 0x00000007c0000000)
  eden space 233984K, 100% used [0x0000000715e00000,0x0000000724280000,0x0000000724280000)
  from space 21504K, 89% used [0x0000000724280000,0x00000007255421f0,0x0000000725780000)
  to   space 55296K, 0% used [0x0000000730c80000,0x0000000730c80000,0x0000000734280000)
 ParOldGen       total 212992K, used 68934K [0x00000005c1a00000, 0x00000005cea00000, 0x0000000715e00000)
  object space 212992K, 32% used [0x00000005c1a00000,0x00000005c5d519c8,0x00000005cea00000)
 Metaspace       used 27397K, capacity 28102K, committed 28288K, reserved 1075200K
  class space    used 3112K, capacity 3375K, committed 3456K, reserved 1048576K
Event: 7.957 GC heap after
Heap after GC invocations=7 (full 1):
 PSYoungGen      total 432640K, used 19534K [0x0000000715e00000, 0x0000000733e00000, 0x00000007c0000000)
  eden space 381952K, 0% used [0x0000000715e00000,0x0000000715e00000,0x000000072d300000)
  from space 50688K, 38% used [0x0000000730c80000,0x0000000731f93ab8,0x0000000733e00000)
  to   space 54784K, 0% used [0x000000072d300000,0x000000072d300000,0x0000000730880000)
 ParOldGen       total 212992K, used 68942K [0x00000005c1a00000, 0x00000005cea00000, 0x0000000715e00000)
  object space 212992K, 32% used [0x00000005c1a00000,0x00000005c5d539c8,0x00000005cea00000)
 Metaspace       used 27397K, capacity 28102K, committed 28288K, reserved 1075200K
  class space    used 3112K, capacity 3375K, committed 3456K, reserved 1048576K
}

Deoptimization events (10 events):
Event: 6.003 Thread 0x0000000029f53000 Uncommon trap: reason=class_check action=maybe_recompile pc=0x0000000002ec5530 method=java.util.ComparableTimSort.countRunAndMakeAscending([Ljava/lang/Object;II)I @ 97
Event: 6.067 Thread 0x0000000029f58000 Uncommon trap: reason=unstable_if action=reinterpret pc=0x0000000003400a74 method=org.apache.poi.hwpf.sprm.CharacterSprmUncompressor.getCHPFlag(BZ)Z @ 21
Event: 6.248 Thread 0x00000000294ed800 Uncommon trap: reason=unloaded action=reinterpret pc=0x0000000003779324 method=org.apache.poi.hwpf.converter.AbstractWordConverter.processCharacters(Lorg/apache/poi/hwpf/HWPFDocumentCore;ILorg/apache/poi/hwpf/usermodel/Range;Lorg/w3c/dom/Element;)Z @ 305
Event: 6.249 Thread 0x00000000294ed800 Uncommon trap: reason=predicate action=maybe_recompile pc=0x00000000030a7b10 method=java.util.regex.Pattern$Slice.match(Ljava/util/regex/Matcher;ILjava/lang/CharSequence;)Z @ 21
Event: 6.354 Thread 0x00000000294ef000 Uncommon trap: reason=class_check action=maybe_recompile pc=0x0000000002ec5530 method=java.util.ComparableTimSort.countRunAndMakeAscending([Ljava/lang/Object;II)I @ 97
Event: 6.362 Thread 0x00000000294ef000 Uncommon trap: reason=unstable_if action=reinterpret pc=0x00000000035452fc method=org.apache.poi.hwpf.usermodel.Paragraph.newParagraph(Lorg/apache/poi/hwpf/usermodel/Range;Lorg/apache/poi/hwpf/model/PAPX;)Lorg/apache/poi/hwpf/usermodel/Paragraph; @ 65
Event: 6.363 Thread 0x00000000294ef000 Uncommon trap: reason=unstable_if action=reinterpret pc=0x000000000352cc0c method=org.apache.poi.hwpf.usermodel.Paragraph.newParagraph(Lorg/apache/poi/hwpf/usermodel/Range;Lorg/apache/poi/hwpf/model/PAPX;)Lorg/apache/poi/hwpf/usermodel/Paragraph; @ 65
Event: 6.740 Thread 0x0000000029f56800 Uncommon trap: reason=class_check action=maybe_recompile pc=0x0000000002ec5530 method=java.util.ComparableTimSort.countRunAndMakeAscending([Ljava/lang/Object;II)I @ 97
Event: 7.345 Thread 0x0000000029f55000 Uncommon trap: reason=unstable_if action=reinterpret pc=0x00000000038fe5ac method=org.apache.poi.hwpf.converter.AbstractWordConverter.processCharacters(Lorg/apache/poi/hwpf/HWPFDocumentCore;ILorg/apache/poi/hwpf/usermodel/Range;Lorg/w3c/dom/Element;)Z @ 1
Event: 7.346 Thread 0x0000000029f55000 Uncommon trap: reason=unstable_if action=reinterpret pc=0x0000000003590b3c method=com.sun.org.apache.xerces.internal.dom.ParentNode.internalInsertBefore(Lorg/w3c/dom/Node;Lorg/w3c/dom/Node;Z)Lorg/w3c/dom/Node; @ 368

Classes redefined (0 events):
No events

Internal exceptions (10 events):
Event: 6.095 Thread 0x0000000029f58000 Exception <a 'java/lang/NullPointerException'> (0x0000000718cdec00) thrown at [C:\re\workspace\8-2-build-windows-amd64-cygwin\jdk8u211\12973\hotspot\src\share\vm\runtime\sharedRuntime.cpp, line 1088]
Event: 6.095 Thread 0x0000000029f58000 Exception <a 'java/lang/NullPointerException'> (0x0000000718ce1ee8) thrown at [C:\re\workspace\8-2-build-windows-amd64-cygwin\jdk8u211\12973\hotspot\src\share\vm\runtime\sharedRuntime.cpp, line 1088]
Event: 6.095 Thread 0x0000000029f58000 Exception <a 'java/lang/NullPointerException'> (0x0000000718ce5b30) thrown at [C:\re\workspace\8-2-build-windows-amd64-cygwin\jdk8u211\12973\hotspot\src\share\vm\runtime\sharedRuntime.cpp, line 1088]
Event: 6.095 Thread 0x0000000029f58000 Exception <a 'java/lang/NullPointerException'> (0x0000000718ce7a38) thrown at [C:\re\workspace\8-2-build-windows-amd64-cygwin\jdk8u211\12973\hotspot\src\share\vm\runtime\sharedRuntime.cpp, line 1088]
Event: 6.095 Thread 0x0000000029f58000 Exception <a 'java/lang/NullPointerException'> (0x0000000718ce9960) thrown at [C:\re\workspace\8-2-build-windows-amd64-cygwin\jdk8u211\12973\hotspot\src\share\vm\runtime\sharedRuntime.cpp, line 1088]
Event: 6.162 Thread 0x00000000294ed800 Exception <a 'java/lang/NullPointerException'> (0x000000071921ac80) thrown at [C:\re\workspace\8-2-build-windows-amd64-cygwin\jdk8u211\12973\hotspot\src\share\vm\runtime\sharedRuntime.cpp, line 1088]
Event: 6.162 Thread 0x00000000294ed800 Exception <a 'java/lang/NullPointerException'> (0x0000000719222e90) thrown at [C:\re\workspace\8-2-build-windows-amd64-cygwin\jdk8u211\12973\hotspot\src\share\vm\runtime\sharedRuntime.cpp, line 1088]
Event: 6.254 Thread 0x00000000294ed800 Exception <a 'java/lang/NullPointerException'> (0x000000071a229390) thrown at [C:\re\workspace\8-2-build-windows-amd64-cygwin\jdk8u211\12973\hotspot\src\share\vm\runtime\sharedRuntime.cpp, line 1088]
Event: 6.254 Thread 0x00000000294ed800 Exception <a 'java/lang/NullPointerException'> (0x000000071a22fc28) thrown at [C:\re\workspace\8-2-build-windows-amd64-cygwin\jdk8u211\12973\hotspot\src\share\vm\runtime\sharedRuntime.cpp, line 1088]
Event: 8.887 Thread 0x0000000029f53000 Implicit null exception at 0x0000000003a41f1e to 0x0000000000000000

Events (10 events):
Event: 8.010 Thread 0x0000000027e9a000 flushing nmethod 0x000000000362abd0
Event: 8.010 Thread 0x0000000027e9a000 flushing nmethod 0x000000000366ba10
Event: 8.137 Thread 0x00000000294f2800 DEOPT PACKING pc=0x00000000031c5f49 sp=0x000000002c0ddf20
Event: 8.137 Thread 0x00000000294f2800 DEOPT UNPACKING pc=0x0000000002de7890 sp=0x000000002c0ddc68 mode 0
Event: 8.631 Thread 0x0000000029f55000 DEOPT PACKING pc=0x000000000356dea5 sp=0x000000002c5deb70
Event: 8.631 Thread 0x0000000029f55000 DEOPT UNPACKING pc=0x0000000002de7890 sp=0x000000002c5de808 mode 0
Event: 8.823 Thread 0x0000000029462800 DEOPT PACKING pc=0x000000000331065f sp=0x000000002a8de880
Event: 8.823 Thread 0x0000000029462800 DEOPT UNPACKING pc=0x0000000002de7890 sp=0x000000002a8de600 mode 0
Event: 8.886 Thread 0x0000000029f53000 DEOPT PACKING pc=0x00000000035648e1 sp=0x000000002c7de9e0
Event: 8.886 Thread 0x0000000029f53000 DEOPT UNPACKING pc=0x0000000002de7890 sp=0x000000002c7de748 mode 0


Dynamic libraries:
0x00007ff69a6c0000 - 0x00007ff69a6f7000 	D:\Java\jdk1.8.0_211\bin\java.exe
0x00007ffc06290000 - 0x00007ffc06486000 	C:\Windows\SYSTEM32\ntdll.dll
0x00007ffc054c0000 - 0x00007ffc0557d000 	C:\Windows\System32\KERNEL32.DLL
0x00007ffc03ad0000 - 0x00007ffc03d99000 	C:\Windows\System32\KERNELBASE.dll
0x00007ffc05b70000 - 0x00007ffc05c1c000 	C:\Windows\System32\ADVAPI32.dll
0x00007ffc05280000 - 0x00007ffc0531e000 	C:\Windows\System32\msvcrt.dll
0x00007ffc043b0000 - 0x00007ffc0444c000 	C:\Windows\System32\sechost.dll
0x00007ffc05640000 - 0x00007ffc0576b000 	C:\Windows\System32\RPCRT4.dll
0x00007ffc04c50000 - 0x00007ffc04df0000 	C:\Windows\System32\USER32.dll
0x00007ffc03da0000 - 0x00007ffc03dc2000 	C:\Windows\System32\win32u.dll
0x00007ffc04380000 - 0x00007ffc043aa000 	C:\Windows\System32\GDI32.dll
0x00007ffc04180000 - 0x00007ffc04289000 	C:\Windows\System32\gdi32full.dll
0x00007ffc03fe0000 - 0x00007ffc0407d000 	C:\Windows\System32\msvcp_win.dll
0x00007ffc039d0000 - 0x00007ffc03ad0000 	C:\Windows\System32\ucrtbase.dll
0x00007ffbf51d0000 - 0x00007ffbf546b000 	C:\Windows\WinSxS\amd64_microsoft.windows.common-controls_6595b64144ccf1df_6.0.19041.488_none_ca04af081b815d21\COMCTL32.dll
0x00007ffc06220000 - 0x00007ffc06250000 	C:\Windows\System32\IMM32.DLL
0x0000000054ce0000 - 0x0000000054db2000 	D:\Java\jdk1.8.0_211\jre\bin\msvcr100.dll
0x0000000054430000 - 0x0000000054cd5000 	D:\Java\jdk1.8.0_211\jre\bin\server\jvm.dll
0x00007ffc05b60000 - 0x00007ffc05b68000 	C:\Windows\System32\PSAPI.DLL
0x00007ffbfdf30000 - 0x00007ffbfdf3a000 	C:\Windows\SYSTEM32\VERSION.dll
0x00007ffbf8ee0000 - 0x00007ffbf8f07000 	C:\Windows\SYSTEM32\WINMM.dll
0x00007ffbfd980000 - 0x00007ffbfd989000 	C:\Windows\SYSTEM32\WSOCK32.dll
0x00007ffc05a80000 - 0x00007ffc05aeb000 	C:\Windows\System32\WS2_32.dll
0x00007ffbf02c0000 - 0x00007ffbf02cf000 	D:\Java\jdk1.8.0_211\jre\bin\verify.dll
0x00007ffbe3900000 - 0x00007ffbe3929000 	D:\Java\jdk1.8.0_211\jre\bin\java.dll
0x00007ffbe5b00000 - 0x00007ffbe5b23000 	D:\Java\jdk1.8.0_211\jre\bin\instrument.dll
0x00007ffbe8ec0000 - 0x00007ffbe8ed6000 	D:\Java\jdk1.8.0_211\jre\bin\zip.dll
0x00007ffc04500000 - 0x00007ffc04c42000 	C:\Windows\System32\SHELL32.dll
0x00007ffc01b40000 - 0x00007ffc022d5000 	C:\Windows\SYSTEM32\windows.storage.dll
0x00007ffc04f20000 - 0x00007ffc05276000 	C:\Windows\System32\combase.dll
0x00007ffc03440000 - 0x00007ffc0346c000 	C:\Windows\SYSTEM32\Wldp.dll
0x00007ffc04450000 - 0x00007ffc044fe000 	C:\Windows\System32\SHCORE.dll
0x00007ffc04df0000 - 0x00007ffc04e45000 	C:\Windows\System32\shlwapi.dll
0x00007ffc03900000 - 0x00007ffc03926000 	C:\Windows\SYSTEM32\profapi.dll
0x00007ffbe6360000 - 0x00007ffbe637a000 	D:\JetBrains\IntelliJ IDEA 2020.2.3\bin\breakgen64.dll
0x00007ffbe6af0000 - 0x00007ffbe6b0a000 	D:\Java\jdk1.8.0_211\jre\bin\net.dll
0x00007ffbf5760000 - 0x00007ffbf594d000 	C:\Windows\SYSTEM32\urlmon.dll
0x00007ffbf4e90000 - 0x00007ffbf5140000 	C:\Windows\SYSTEM32\iertutil.dll
0x00007ffc03150000 - 0x00007ffc031ba000 	C:\Windows\system32\mswsock.dll
0x00007ffbe60f0000 - 0x00007ffbe6114000 	D:\Java\jdk1.8.0_211\jre\bin\sunec.dll
0x00007ffc02de0000 - 0x00007ffc02e1b000 	C:\Windows\SYSTEM32\IPHLPAPI.DLL
0x00007ffc05b50000 - 0x00007ffc05b58000 	C:\Windows\System32\NSI.dll
0x00007ffbfc6f0000 - 0x00007ffbfc707000 	C:\Windows\SYSTEM32\dhcpcsvc6.DLL
0x00007ffbfcc90000 - 0x00007ffbfccad000 	C:\Windows\SYSTEM32\dhcpcsvc.DLL
0x00007ffc02e20000 - 0x00007ffc02eeb000 	C:\Windows\SYSTEM32\DNSAPI.dll
0x00007ffbe6500000 - 0x00007ffbe6512000 	D:\Java\jdk1.8.0_211\jre\bin\nio.dll
0x00007ffc03320000 - 0x00007ffc03338000 	C:\Windows\SYSTEM32\CRYPTSP.dll
0x00007ffc02a80000 - 0x00007ffc02ab4000 	C:\Windows\system32\rsaenh.dll
0x00007ffc04150000 - 0x00007ffc04177000 	C:\Windows\System32\bcrypt.dll
0x00007ffc038c0000 - 0x00007ffc038ee000 	C:\Windows\SYSTEM32\USERENV.dll
0x00007ffc04080000 - 0x00007ffc04100000 	C:\Windows\System32\bcryptprimitives.dll
0x00007ffc03340000 - 0x00007ffc0334c000 	C:\Windows\SYSTEM32\CRYPTBASE.dll
0x00007ffbfd3e0000 - 0x00007ffbfd3ea000 	C:\Windows\System32\rasadhlp.dll
0x00007ffbf4210000 - 0x00007ffbf428f000 	C:\Windows\System32\fwpuclnt.dll
0x00007ffbf31b0000 - 0x00007ffbf31bd000 	D:\Java\jdk1.8.0_211\jre\bin\management.dll
0x00007ffc01740000 - 0x00007ffc01924000 	C:\Windows\SYSTEM32\dbghelp.dll

VM Arguments:
jvm_args: -javaagent:D:\JetBrains\IntelliJ IDEA 2020.2.3\lib\idea_rt.jar=55739:D:\JetBrains\IntelliJ IDEA 2020.2.3\bin -Dfile.encoding=UTF-8 
java_command: sophie.contract.indexer.EsIndexer
java_class_path (initial): D:\Java\jdk1.8.0_211\jre\lib\charsets.jar;D:\Java\jdk1.8.0_211\jre\lib\deploy.jar;D:\Java\jdk1.8.0_211\jre\lib\ext\access-bridge-64.jar;D:\Java\jdk1.8.0_211\jre\lib\ext\cldrdata.jar;D:\Java\jdk1.8.0_211\jre\lib\ext\dnsns.jar;D:\Java\jdk1.8.0_211\jre\lib\ext\jaccess.jar;D:\Java\jdk1.8.0_211\jre\lib\ext\jfxrt.jar;D:\Java\jdk1.8.0_211\jre\lib\ext\localedata.jar;D:\Java\jdk1.8.0_211\jre\lib\ext\nashorn.jar;D:\Java\jdk1.8.0_211\jre\lib\ext\sunec.jar;D:\Java\jdk1.8.0_211\jre\lib\ext\sunjce_provider.jar;D:\Java\jdk1.8.0_211\jre\lib\ext\sunmscapi.jar;D:\Java\jdk1.8.0_211\jre\lib\ext\sunpkcs11.jar;D:\Java\jdk1.8.0_211\jre\lib\ext\zipfs.jar;D:\Java\jdk1.8.0_211\jre\lib\javaws.jar;D:\Java\jdk1.8.0_211\jre\lib\jce.jar;D:\Java\jdk1.8.0_211\jre\lib\jfr.jar;D:\Java\jdk1.8.0_211\jre\lib\jfxswt.jar;D:\Java\jdk1.8.0_211\jre\lib\jsse.jar;D:\Java\jdk1.8.0_211\jre\lib\management-agent.jar;D:\Java\jdk1.8.0_211\jre\lib\plugin.jar;D:\Java\jdk1.8.0_211\jre\lib\resources.jar;D:\Java\jdk1.8.0_211\jre\lib\rt.jar;F:\workspace\java\work\ContractIndexer\target\classes;C:\Users\Sophie\.m2\repository\org\slf4j\slf4j-api\1.7.30\slf4j-api-1.7.30.jar;C:\Users\Sophie\.m2\repository\ch\qos\logback\logback-classic\1.2.3\logback-classic-1.2.3.jar;C:\Users\Sophie\.m2\repository\ch\qos\logback\logback-core\1.2.3\logback-core-1.2.3.jar;C:\Users\Sophie\.m2\repository\commons-io\commons-io\2.6\commons-io-2.6.jar;C:\Users\Sophie\.m2\repository\org\apache\poi\poi-scratchpad\3.17\poi-scratchpad-3.17.jar;C:\Users\Sophie\.m2\repository\org\apache\poi\poi\3.17\poi-3.17.jar;C:\Users\Sophie\.m2\repository\commons-codec\commons-codec\1.10\commons-codec-1.10.jar;C:\Users\Sophie\.m2\repository\org\apache\commons\commons-collections4\4.1\commons-collections4-4.1.jar;C:\Users\Sophie\.m2\repository\mysql\mysql-connector-java\8.0.21\mysql-connector-java-8.0.21.jar;C:\Users\Sophie\.m2\repository\com\google\protobuf\protobuf-java\3.11.4\protobuf-java-3.11.4.jar;C:\Users\Sophie\.m2\repository\org\el
Launcher Type: SUN_STANDARD

Environment Variables:
JAVA_HOME=D:\Java\jdk1.8.0_211
PATH=C:\Program Files\NVIDIA GPU Computing Toolkit\CUDA\v10.1\bin;C:\Program Files\NVIDIA GPU Computing Toolkit\CUDA\v10.1\libnvvp;C:\Program Files (x86)\Common Files\Oracle\Java\javapath;C:\Windows\system32;C:\Windows;C:\Windows\System32\Wbem;C:\Windows\System32\WindowsPowerShell\v1.0\;C:\Windows\System32\OpenSSH\;D:\Java\jdk1.8.0_211\bin;D:\Java\jdk1.8.0_211\jre\bin;D:\mysql-5.7.32-winx64\bin;D:\apache-maven-3.6.3-bin\apache-maven-3.6.3\bin;D:\anaconda3;D:\anaconda3\Scripts;D:\anaconda3\Library\bin;D:\anaconda3\Library\mingw-w64;C:\Program Files\NVIDIA Corporation\Nsight Compute 2019.4.0\;C:\Program Files (x86)\NVIDIA Corporation\PhysX\Common;C:\Program Files\NVIDIA Corporation\NVIDIA NvDLISR;D:\nodejs\;D:\Git\cmd;D:\Git\bin;D:\xshell7\;D:\xftp7\;C:\Users\Sophie\AppData\Local\Microsoft\WindowsApps;;D:\JetBrains\IntelliJ IDEA 2020.2.3\bin;;D:\JetBrains\DataGrip 2020.2.3\bin;;C:\Users\Sophie\AppData\Roaming\npm
USERNAME=Sophie
OS=Windows_NT
PROCESSOR_IDENTIFIER=Intel64 Family 6 Model 94 Stepping 3, GenuineIntel



---------------  S Y S T E M  ---------------

OS: Windows 10.0 , 64 bit Build 19041 (10.0.19041.662)

CPU:total 8 (initial active 8) (4 cores per cpu, 2 threads per core) family 6 model 94 stepping 3, cmov, cx8, fxsr, mmx, sse, sse2, sse3, ssse3, sse4.1, sse4.2, popcnt, avx, avx2, aes, clmul, erms, rtm, 3dnowpref, lzcnt, ht, tsc, tscinvbit, bmi1, bmi2, adx

Memory: 4k page, physical 33440828k(16651248k free), swap 38421564k(10484712k free)

vm_info: Java HotSpot(TM) 64-Bit Server VM (25.211-b12) for windows-amd64 JRE (1.8.0_211-b12), built on Apr  1 2019 20:53:26 by "java_re" with MS VC++ 10.0 (VS2010)

time: Mon Jan 25 12:23:18 2021
timezone: 中国标准时间
elapsed time: 8 seconds (0d 0h 0m 8s)

